2022-05-11 13:23:42,381 [Worker-0: Loading available Gradle versions] INFO  o.e.b.c.i.u.g.PublishedGradleVersions - Gradle version information cache is up-to-date. Trying to read.
2022-05-11 13:56:00,387 [Worker-33: Enabling Maven Dependency Management] INFO  o.e.m.c.i.l.LifecycleMappingFactory - Using org.maven.ide.eclipse.wtp.WarLifecycleMapping lifecycle mapping for MavenProject: com.ElectroGrid-UserService:ElectroGrid-UserService:0.0.1-SNAPSHOT @ C:\Users\User\OneDrive\Desktop\Electro Grid-User Service\ElectroGrid-UserService\pom.xml.
2022-05-11 13:56:02,673 [Worker-29: Building] WARN  o.e.m.c.i.embedder.EclipseLogger - Using platform encoding (Cp1252 actually) to copy filtered resources, i.e. build is platform dependent!
2022-05-11 13:56:02,677 [Worker-29: Building] INFO  o.e.m.c.i.embedder.EclipseLogger - skip non existing resourceDirectory C:\Users\User\OneDrive\Desktop\Electro Grid-User Service\ElectroGrid-UserService\src\main\resources
2022-05-11 13:56:02,686 [Worker-29: Building] WARN  o.e.m.c.i.embedder.EclipseLogger - Using platform encoding (Cp1252 actually) to copy filtered resources, i.e. build is platform dependent!
2022-05-11 13:56:02,690 [Worker-29: Building] INFO  o.e.m.c.i.embedder.EclipseLogger - skip non existing resourceDirectory C:\Users\User\OneDrive\Desktop\Electro Grid-User Service\ElectroGrid-UserService\src\test\resources
2022-05-11 13:56:02,756 [Worker-33: Enabling Maven Dependency Management] INFO  o.e.m.j.i.AbstractJavaProjectConfigurator - Adding source folder /ElectroGrid-UserService/src/main/java
2022-05-11 13:56:02,759 [Worker-33: Enabling Maven Dependency Management] INFO  o.e.m.j.i.AbstractJavaProjectConfigurator - Adding source folder /ElectroGrid-UserService/src/test/java
2022-05-11 13:56:04,547 [Worker-28: Building] WARN  o.e.m.c.i.embedder.EclipseLogger - Using platform encoding (Cp1252 actually) to copy filtered resources, i.e. build is platform dependent!
2022-05-11 13:56:04,548 [Worker-28: Building] INFO  o.e.m.c.i.embedder.EclipseLogger - skip non existing resourceDirectory C:\Users\User\OneDrive\Desktop\Electro Grid-User Service\ElectroGrid-UserService\src\main\resources
2022-05-11 13:56:04,550 [Worker-28: Building] WARN  o.e.m.c.i.embedder.EclipseLogger - Using platform encoding (Cp1252 actually) to copy filtered resources, i.e. build is platform dependent!
2022-05-11 13:56:04,551 [Worker-28: Building] INFO  o.e.m.c.i.embedder.EclipseLogger - skip non existing resourceDirectory C:\Users\User\OneDrive\Desktop\Electro Grid-User Service\ElectroGrid-UserService\src\test\resources
2022-05-11 13:56:04,966 [Worker-33: Enabling Maven Dependency Management] INFO  o.e.m.c.i.p.ProjectConfigurationManager - Update started
2022-05-11 13:56:05,738 [Worker-33: Enabling Maven Dependency Management] INFO  o.e.m.c.i.l.LifecycleMappingFactory - Using org.maven.ide.eclipse.wtp.WarLifecycleMapping lifecycle mapping for MavenProject: com.ElectroGrid-UserService:ElectroGrid-UserService:0.0.1-SNAPSHOT @ C:\Users\User\OneDrive\Desktop\Electro Grid-User Service\ElectroGrid-UserService\pom.xml.
2022-05-11 13:56:07,143 [Worker-29: Building] WARN  o.e.m.c.i.embedder.EclipseLogger - Using platform encoding (Cp1252 actually) to copy filtered resources, i.e. build is platform dependent!
2022-05-11 13:56:07,145 [Worker-29: Building] INFO  o.e.m.c.i.embedder.EclipseLogger - skip non existing resourceDirectory C:\Users\User\OneDrive\Desktop\Electro Grid-User Service\ElectroGrid-UserService\src\main\resources
2022-05-11 13:56:07,149 [Worker-29: Building] WARN  o.e.m.c.i.embedder.EclipseLogger - Using platform encoding (Cp1252 actually) to copy filtered resources, i.e. build is platform dependent!
2022-05-11 13:56:07,151 [Worker-29: Building] INFO  o.e.m.c.i.embedder.EclipseLogger - skip non existing resourceDirectory C:\Users\User\OneDrive\Desktop\Electro Grid-User Service\ElectroGrid-UserService\src\test\resources
2022-05-11 13:56:07,152 [Worker-29: Building] INFO  o.e.m.w.i.f.ResourceFilteringBuildParticipant - Changed resources require a complete clean of filtered resources of ElectroGrid-UserService
2022-05-11 13:56:07,152 [Worker-29: Building] INFO  o.e.m.w.i.f.ResourceFilteringBuildParticipant - Executing resource filtering for ElectroGrid-UserService
2022-05-11 13:56:07,182 [Worker-29: Building] WARN  o.e.m.c.i.embedder.EclipseLogger - Using platform encoding (Cp1252 actually) to copy filtered resources, i.e. build is platform dependent!
2022-05-11 13:56:07,217 [Worker-33: Enabling Maven Dependency Management] INFO  o.e.m.j.i.AbstractJavaProjectConfigurator - Adding source folder /ElectroGrid-UserService/src/main/java
2022-05-11 13:56:07,220 [Worker-33: Enabling Maven Dependency Management] INFO  o.e.m.j.i.AbstractJavaProjectConfigurator - Adding source folder /ElectroGrid-UserService/src/test/java
2022-05-11 13:56:07,665 [Worker-33: Enabling Maven Dependency Management] INFO  o.e.m.w.i.f.ResourceFilteringBuildParticipant - Cleaning filtered folder for ElectroGrid-UserService
2022-05-11 13:56:07,689 [Worker-33: Enabling Maven Dependency Management] INFO  o.e.m.c.i.p.ProjectConfigurationManager - Update completed: 2 sec
2022-05-11 13:56:08,278 [Worker-31: Building] WARN  o.e.m.c.i.embedder.EclipseLogger - Using platform encoding (Cp1252 actually) to copy filtered resources, i.e. build is platform dependent!
2022-05-11 13:56:08,280 [Worker-31: Building] INFO  o.e.m.c.i.embedder.EclipseLogger - skip non existing resourceDirectory C:\Users\User\OneDrive\Desktop\Electro Grid-User Service\ElectroGrid-UserService\src\main\resources
2022-05-11 13:56:08,281 [Worker-31: Building] WARN  o.e.m.c.i.embedder.EclipseLogger - Using platform encoding (Cp1252 actually) to copy filtered resources, i.e. build is platform dependent!
2022-05-11 13:56:08,283 [Worker-31: Building] INFO  o.e.m.c.i.embedder.EclipseLogger - skip non existing resourceDirectory C:\Users\User\OneDrive\Desktop\Electro Grid-User Service\ElectroGrid-UserService\src\test\resources
2022-05-11 13:56:08,284 [Worker-31: Building] INFO  o.e.m.w.i.f.ResourceFilteringBuildParticipant - Changed resources require a complete clean of filtered resources of ElectroGrid-UserService
2022-05-11 13:56:08,284 [Worker-31: Building] INFO  o.e.m.w.i.f.ResourceFilteringBuildParticipant - Executing resource filtering for ElectroGrid-UserService
2022-05-11 13:56:08,290 [Worker-31: Building] WARN  o.e.m.c.i.embedder.EclipseLogger - Using platform encoding (Cp1252 actually) to copy filtered resources, i.e. build is platform dependent!
2022-05-11 13:58:14,456 [Worker-29: Building] INFO  o.e.m.c.i.l.LifecycleMappingFactory - Using org.maven.ide.eclipse.wtp.WarLifecycleMapping lifecycle mapping for MavenProject: com.ElectroGrid-UserService:ElectroGrid-UserService:0.0.1-SNAPSHOT @ C:\Users\User\OneDrive\Desktop\Electro Grid-User Service\ElectroGrid-UserService\pom.xml.
2022-05-11 13:58:15,852 [Worker-29: Building] WARN  o.e.m.c.i.embedder.EclipseLogger - Using platform encoding (Cp1252 actually) to copy filtered resources, i.e. build is platform dependent!
2022-05-11 13:58:15,854 [Worker-29: Building] INFO  o.e.m.c.i.embedder.EclipseLogger - skip non existing resourceDirectory C:\Users\User\OneDrive\Desktop\Electro Grid-User Service\ElectroGrid-UserService\src\main\resources
2022-05-11 13:58:15,857 [Worker-29: Building] WARN  o.e.m.c.i.embedder.EclipseLogger - Using platform encoding (Cp1252 actually) to copy filtered resources, i.e. build is platform dependent!
2022-05-11 13:58:15,859 [Worker-29: Building] INFO  o.e.m.c.i.embedder.EclipseLogger - skip non existing resourceDirectory C:\Users\User\OneDrive\Desktop\Electro Grid-User Service\ElectroGrid-UserService\src\test\resources
2022-05-11 13:58:15,859 [Worker-29: Building] INFO  o.e.m.w.i.f.ResourceFilteringBuildParticipant - Changed resources require a complete clean of filtered resources of ElectroGrid-UserService
2022-05-11 13:58:15,860 [Worker-29: Building] INFO  o.e.m.w.i.f.ResourceFilteringBuildParticipant - Executing resource filtering for ElectroGrid-UserService
2022-05-11 13:58:15,867 [Worker-29: Building] WARN  o.e.m.c.i.embedder.EclipseLogger - Using platform encoding (Cp1252 actually) to copy filtered resources, i.e. build is platform dependent!
2022-05-11 13:59:40,171 [Worker-33: Building] WARN  o.e.m.c.i.embedder.EclipseLogger - Using platform encoding (Cp1252 actually) to copy filtered resources, i.e. build is platform dependent!
2022-05-11 13:59:40,175 [Worker-33: Building] INFO  o.e.m.c.i.embedder.EclipseLogger - skip non existing resourceDirectory C:\Users\User\OneDrive\Desktop\Electro Grid-User Service\ElectroGrid-UserService\src\main\resources
2022-05-11 13:59:40,178 [Worker-33: Building] WARN  o.e.m.c.i.embedder.EclipseLogger - Using platform encoding (Cp1252 actually) to copy filtered resources, i.e. build is platform dependent!
2022-05-11 13:59:40,180 [Worker-33: Building] INFO  o.e.m.c.i.embedder.EclipseLogger - skip non existing resourceDirectory C:\Users\User\OneDrive\Desktop\Electro Grid-User Service\ElectroGrid-UserService\src\test\resources
2022-05-11 14:21:27,525 [Worker-38: Building] WARN  o.e.m.c.i.embedder.EclipseLogger - Using platform encoding (Cp1252 actually) to copy filtered resources, i.e. build is platform dependent!
2022-05-11 14:21:27,535 [Worker-38: Building] INFO  o.e.m.c.i.embedder.EclipseLogger - skip non existing resourceDirectory C:\Users\User\OneDrive\Desktop\Electro Grid-User Service\ElectroGrid-UserService\src\main\resources
2022-05-11 14:21:27,538 [Worker-38: Building] WARN  o.e.m.c.i.embedder.EclipseLogger - Using platform encoding (Cp1252 actually) to copy filtered resources, i.e. build is platform dependent!
2022-05-11 14:21:27,541 [Worker-38: Building] INFO  o.e.m.c.i.embedder.EclipseLogger - skip non existing resourceDirectory C:\Users\User\OneDrive\Desktop\Electro Grid-User Service\ElectroGrid-UserService\src\test\resources
2022-05-11 14:25:31,372 [Worker-37: Building] WARN  o.e.m.c.i.embedder.EclipseLogger - Using platform encoding (Cp1252 actually) to copy filtered resources, i.e. build is platform dependent!
2022-05-11 14:25:31,374 [Worker-37: Building] INFO  o.e.m.c.i.embedder.EclipseLogger - skip non existing resourceDirectory C:\Users\User\OneDrive\Desktop\Electro Grid-User Service\ElectroGrid-UserService\src\main\resources
2022-05-11 14:25:31,379 [Worker-37: Building] WARN  o.e.m.c.i.embedder.EclipseLogger - Using platform encoding (Cp1252 actually) to copy filtered resources, i.e. build is platform dependent!
2022-05-11 14:25:31,383 [Worker-37: Building] INFO  o.e.m.c.i.embedder.EclipseLogger - skip non existing resourceDirectory C:\Users\User\OneDrive\Desktop\Electro Grid-User Service\ElectroGrid-UserService\src\test\resources
2022-05-11 14:25:59,643 [Worker-37: Building] WARN  o.e.m.c.i.embedder.EclipseLogger - Using platform encoding (Cp1252 actually) to copy filtered resources, i.e. build is platform dependent!
2022-05-11 14:25:59,644 [Worker-37: Building] INFO  o.e.m.c.i.embedder.EclipseLogger - skip non existing resourceDirectory C:\Users\User\OneDrive\Desktop\Electro Grid-User Service\ElectroGrid-UserService\src\main\resources
2022-05-11 14:25:59,645 [Worker-37: Building] WARN  o.e.m.c.i.embedder.EclipseLogger - Using platform encoding (Cp1252 actually) to copy filtered resources, i.e. build is platform dependent!
2022-05-11 14:25:59,646 [Worker-37: Building] INFO  o.e.m.c.i.embedder.EclipseLogger - skip non existing resourceDirectory C:\Users\User\OneDrive\Desktop\Electro Grid-User Service\ElectroGrid-UserService\src\test\resources
2022-05-11 14:26:36,742 [Worker-38: Building] WARN  o.e.m.c.i.embedder.EclipseLogger - Using platform encoding (Cp1252 actually) to copy filtered resources, i.e. build is platform dependent!
2022-05-11 14:26:36,743 [Worker-38: Building] INFO  o.e.m.c.i.embedder.EclipseLogger - skip non existing resourceDirectory C:\Users\User\OneDrive\Desktop\Electro Grid-User Service\ElectroGrid-UserService\src\main\resources
2022-05-11 14:26:36,745 [Worker-38: Building] WARN  o.e.m.c.i.embedder.EclipseLogger - Using platform encoding (Cp1252 actually) to copy filtered resources, i.e. build is platform dependent!
2022-05-11 14:26:36,746 [Worker-38: Building] INFO  o.e.m.c.i.embedder.EclipseLogger - skip non existing resourceDirectory C:\Users\User\OneDrive\Desktop\Electro Grid-User Service\ElectroGrid-UserService\src\test\resources
2022-05-11 15:00:30,732 [Worker-43: Building] WARN  o.e.m.c.i.embedder.EclipseLogger - Using platform encoding (Cp1252 actually) to copy filtered resources, i.e. build is platform dependent!
2022-05-11 15:00:30,734 [Worker-43: Building] INFO  o.e.m.c.i.embedder.EclipseLogger - skip non existing resourceDirectory C:\Users\User\OneDrive\Desktop\Electro Grid-User Service\ElectroGrid-UserService\src\main\resources
2022-05-11 15:00:30,735 [Worker-43: Building] WARN  o.e.m.c.i.embedder.EclipseLogger - Using platform encoding (Cp1252 actually) to copy filtered resources, i.e. build is platform dependent!
2022-05-11 15:00:30,737 [Worker-43: Building] INFO  o.e.m.c.i.embedder.EclipseLogger - skip non existing resourceDirectory C:\Users\User\OneDrive\Desktop\Electro Grid-User Service\ElectroGrid-UserService\src\test\resources
2022-05-11 15:01:02,767 [Worker-39: Building] WARN  o.e.m.c.i.embedder.EclipseLogger - Using platform encoding (Cp1252 actually) to copy filtered resources, i.e. build is platform dependent!
2022-05-11 15:01:02,769 [Worker-39: Building] INFO  o.e.m.c.i.embedder.EclipseLogger - skip non existing resourceDirectory C:\Users\User\OneDrive\Desktop\Electro Grid-User Service\ElectroGrid-UserService\src\main\resources
2022-05-11 15:01:02,771 [Worker-39: Building] WARN  o.e.m.c.i.embedder.EclipseLogger - Using platform encoding (Cp1252 actually) to copy filtered resources, i.e. build is platform dependent!
2022-05-11 15:01:02,774 [Worker-39: Building] INFO  o.e.m.c.i.embedder.EclipseLogger - skip non existing resourceDirectory C:\Users\User\OneDrive\Desktop\Electro Grid-User Service\ElectroGrid-UserService\src\test\resources
2022-05-11 15:02:33,003 [Worker-43: Building] WARN  o.e.m.c.i.embedder.EclipseLogger - Using platform encoding (Cp1252 actually) to copy filtered resources, i.e. build is platform dependent!
2022-05-11 15:02:33,004 [Worker-43: Building] INFO  o.e.m.c.i.embedder.EclipseLogger - skip non existing resourceDirectory C:\Users\User\OneDrive\Desktop\Electro Grid-User Service\ElectroGrid-UserService\src\main\resources
2022-05-11 15:02:33,018 [Worker-43: Building] WARN  o.e.m.c.i.embedder.EclipseLogger - Using platform encoding (Cp1252 actually) to copy filtered resources, i.e. build is platform dependent!
2022-05-11 15:02:33,020 [Worker-43: Building] INFO  o.e.m.c.i.embedder.EclipseLogger - skip non existing resourceDirectory C:\Users\User\OneDrive\Desktop\Electro Grid-User Service\ElectroGrid-UserService\src\test\resources
2022-05-11 15:04:47,585 [Worker-45: Building] WARN  o.e.m.c.i.embedder.EclipseLogger - Using platform encoding (Cp1252 actually) to copy filtered resources, i.e. build is platform dependent!
2022-05-11 15:04:47,587 [Worker-45: Building] INFO  o.e.m.c.i.embedder.EclipseLogger - skip non existing resourceDirectory C:\Users\User\OneDrive\Desktop\Electro Grid-User Service\ElectroGrid-UserService\src\main\resources
2022-05-11 15:04:47,591 [Worker-45: Building] WARN  o.e.m.c.i.embedder.EclipseLogger - Using platform encoding (Cp1252 actually) to copy filtered resources, i.e. build is platform dependent!
2022-05-11 15:04:47,593 [Worker-45: Building] INFO  o.e.m.c.i.embedder.EclipseLogger - skip non existing resourceDirectory C:\Users\User\OneDrive\Desktop\Electro Grid-User Service\ElectroGrid-UserService\src\test\resources
2022-05-11 15:04:48,700 [Worker-39: Building] WARN  o.e.m.c.i.embedder.EclipseLogger - Using platform encoding (Cp1252 actually) to copy filtered resources, i.e. build is platform dependent!
2022-05-11 15:04:48,702 [Worker-39: Building] INFO  o.e.m.c.i.embedder.EclipseLogger - skip non existing resourceDirectory C:\Users\User\OneDrive\Desktop\Electro Grid-User Service\ElectroGrid-UserService\src\main\resources
2022-05-11 15:04:48,708 [Worker-39: Building] WARN  o.e.m.c.i.embedder.EclipseLogger - Using platform encoding (Cp1252 actually) to copy filtered resources, i.e. build is platform dependent!
2022-05-11 15:04:48,710 [Worker-39: Building] INFO  o.e.m.c.i.embedder.EclipseLogger - skip non existing resourceDirectory C:\Users\User\OneDrive\Desktop\Electro Grid-User Service\ElectroGrid-UserService\src\test\resources
2022-05-11 15:06:46,145 [Worker-45: Building] WARN  o.e.m.c.i.embedder.EclipseLogger - Using platform encoding (Cp1252 actually) to copy filtered resources, i.e. build is platform dependent!
2022-05-11 15:06:46,148 [Worker-45: Building] INFO  o.e.m.c.i.embedder.EclipseLogger - skip non existing resourceDirectory C:\Users\User\OneDrive\Desktop\Electro Grid-User Service\ElectroGrid-UserService\src\main\resources
2022-05-11 15:06:46,150 [Worker-45: Building] WARN  o.e.m.c.i.embedder.EclipseLogger - Using platform encoding (Cp1252 actually) to copy filtered resources, i.e. build is platform dependent!
2022-05-11 15:06:46,152 [Worker-45: Building] INFO  o.e.m.c.i.embedder.EclipseLogger - skip non existing resourceDirectory C:\Users\User\OneDrive\Desktop\Electro Grid-User Service\ElectroGrid-UserService\src\test\resources
2022-05-11 15:08:22,974 [Worker-48: Building] WARN  o.e.m.c.i.embedder.EclipseLogger - Using platform encoding (Cp1252 actually) to copy filtered resources, i.e. build is platform dependent!
2022-05-11 15:08:22,976 [Worker-48: Building] INFO  o.e.m.c.i.embedder.EclipseLogger - skip non existing resourceDirectory C:\Users\User\OneDrive\Desktop\Electro Grid-User Service\ElectroGrid-UserService\src\main\resources
2022-05-11 15:08:22,978 [Worker-48: Building] WARN  o.e.m.c.i.embedder.EclipseLogger - Using platform encoding (Cp1252 actually) to copy filtered resources, i.e. build is platform dependent!
2022-05-11 15:08:22,979 [Worker-48: Building] INFO  o.e.m.c.i.embedder.EclipseLogger - skip non existing resourceDirectory C:\Users\User\OneDrive\Desktop\Electro Grid-User Service\ElectroGrid-UserService\src\test\resources
2022-05-11 15:13:45,069 [Worker-48: Building] WARN  o.e.m.c.i.embedder.EclipseLogger - Using platform encoding (Cp1252 actually) to copy filtered resources, i.e. build is platform dependent!
2022-05-11 15:13:45,070 [Worker-48: Building] INFO  o.e.m.c.i.embedder.EclipseLogger - skip non existing resourceDirectory C:\Users\User\OneDrive\Desktop\Electro Grid-User Service\ElectroGrid-UserService\src\main\resources
2022-05-11 15:13:45,071 [Worker-48: Building] WARN  o.e.m.c.i.embedder.EclipseLogger - Using platform encoding (Cp1252 actually) to copy filtered resources, i.e. build is platform dependent!
2022-05-11 15:13:45,072 [Worker-48: Building] INFO  o.e.m.c.i.embedder.EclipseLogger - skip non existing resourceDirectory C:\Users\User\OneDrive\Desktop\Electro Grid-User Service\ElectroGrid-UserService\src\test\resources
2022-05-11 15:16:43,601 [Worker-51: Building] WARN  o.e.m.c.i.embedder.EclipseLogger - Using platform encoding (Cp1252 actually) to copy filtered resources, i.e. build is platform dependent!
2022-05-11 15:16:43,602 [Worker-51: Building] INFO  o.e.m.c.i.embedder.EclipseLogger - skip non existing resourceDirectory C:\Users\User\OneDrive\Desktop\Electro Grid-User Service\ElectroGrid-UserService\src\main\resources
2022-05-11 15:16:43,604 [Worker-51: Building] WARN  o.e.m.c.i.embedder.EclipseLogger - Using platform encoding (Cp1252 actually) to copy filtered resources, i.e. build is platform dependent!
2022-05-11 15:16:43,606 [Worker-51: Building] INFO  o.e.m.c.i.embedder.EclipseLogger - skip non existing resourceDirectory C:\Users\User\OneDrive\Desktop\Electro Grid-User Service\ElectroGrid-UserService\src\test\resources
2022-05-11 15:17:16,382 [Worker-50: Building] WARN  o.e.m.c.i.embedder.EclipseLogger - Using platform encoding (Cp1252 actually) to copy filtered resources, i.e. build is platform dependent!
2022-05-11 15:17:16,385 [Worker-50: Building] INFO  o.e.m.c.i.embedder.EclipseLogger - skip non existing resourceDirectory C:\Users\User\OneDrive\Desktop\Electro Grid-User Service\ElectroGrid-UserService\src\main\resources
2022-05-11 15:17:16,389 [Worker-50: Building] WARN  o.e.m.c.i.embedder.EclipseLogger - Using platform encoding (Cp1252 actually) to copy filtered resources, i.e. build is platform dependent!
2022-05-11 15:17:16,391 [Worker-50: Building] INFO  o.e.m.c.i.embedder.EclipseLogger - skip non existing resourceDirectory C:\Users\User\OneDrive\Desktop\Electro Grid-User Service\ElectroGrid-UserService\src\test\resources
2022-05-11 15:17:45,394 [Worker-51: Building] WARN  o.e.m.c.i.embedder.EclipseLogger - Using platform encoding (Cp1252 actually) to copy filtered resources, i.e. build is platform dependent!
2022-05-11 15:17:45,396 [Worker-51: Building] INFO  o.e.m.c.i.embedder.EclipseLogger - skip non existing resourceDirectory C:\Users\User\OneDrive\Desktop\Electro Grid-User Service\ElectroGrid-UserService\src\main\resources
2022-05-11 15:17:45,399 [Worker-51: Building] WARN  o.e.m.c.i.embedder.EclipseLogger - Using platform encoding (Cp1252 actually) to copy filtered resources, i.e. build is platform dependent!
2022-05-11 15:17:45,400 [Worker-51: Building] INFO  o.e.m.c.i.embedder.EclipseLogger - skip non existing resourceDirectory C:\Users\User\OneDrive\Desktop\Electro Grid-User Service\ElectroGrid-UserService\src\test\resources
2022-05-11 15:19:37,980 [Worker-52: Building] WARN  o.e.m.c.i.embedder.EclipseLogger - Using platform encoding (Cp1252 actually) to copy filtered resources, i.e. build is platform dependent!
2022-05-11 15:19:37,982 [Worker-52: Building] INFO  o.e.m.c.i.embedder.EclipseLogger - skip non existing resourceDirectory C:\Users\User\OneDrive\Desktop\Electro Grid-User Service\ElectroGrid-UserService\src\main\resources
2022-05-11 15:19:37,987 [Worker-52: Building] WARN  o.e.m.c.i.embedder.EclipseLogger - Using platform encoding (Cp1252 actually) to copy filtered resources, i.e. build is platform dependent!
2022-05-11 15:19:37,989 [Worker-52: Building] INFO  o.e.m.c.i.embedder.EclipseLogger - skip non existing resourceDirectory C:\Users\User\OneDrive\Desktop\Electro Grid-User Service\ElectroGrid-UserService\src\test\resources
2022-05-11 15:20:09,359 [Worker-51: Building] WARN  o.e.m.c.i.embedder.EclipseLogger - Using platform encoding (Cp1252 actually) to copy filtered resources, i.e. build is platform dependent!
2022-05-11 15:20:09,362 [Worker-51: Building] INFO  o.e.m.c.i.embedder.EclipseLogger - skip non existing resourceDirectory C:\Users\User\OneDrive\Desktop\Electro Grid-User Service\ElectroGrid-UserService\src\main\resources
2022-05-11 15:20:09,364 [Worker-51: Building] WARN  o.e.m.c.i.embedder.EclipseLogger - Using platform encoding (Cp1252 actually) to copy filtered resources, i.e. build is platform dependent!
2022-05-11 15:20:09,365 [Worker-51: Building] INFO  o.e.m.c.i.embedder.EclipseLogger - skip non existing resourceDirectory C:\Users\User\OneDrive\Desktop\Electro Grid-User Service\ElectroGrid-UserService\src\test\resources
